# JRE version: 7.0_11-b21
# Java VM: Java HotSpot(TM) 64-Bit Server VM (23.6-b04 mixed mode windows-amd64 compressed oops)
Heap
 PSYoungGen      total 15872K, used 352K [0x00000000fa000000, 0x00000000fb000000, 0x0000000100000000)
  eden space 15360K, 0% used [0x00000000fa000000,0x00000000fa000000,0x00000000faf00000)
  from space 512K, 68% used [0x00000000faf80000,0x00000000fafd8000,0x00000000fb000000)
  to   space 512K, 0% used [0x00000000faf00000,0x00000000faf00000,0x00000000faf80000)
 ParOldGen       total 93952K, used 93913K [0x00000000e8000000, 0x00000000edbc0000, 0x00000000fa000000)
  object space 93952K, 99% used [0x00000000e8000000,0x00000000edbb6540,0x00000000edbc0000)
 PSPermGen       total 117376K, used 58553K [0x00000000e0000000, 0x00000000e72a0000, 0x00000000e8000000)
  object space 117376K, 49% used [0x00000000e0000000,0x00000000e392e428,0x00000000e72a0000)
GC Heap History (10 events):
Event: 1010296.809 GC heap after
Heap after GC invocations=58891 (full 3):
 PSYoungGen      total 15744K, used 384K [0x00000000fa000000, 0x00000000fb000000, 0x0000000100000000)
  eden space 15232K, 0% used [0x00000000fa000000,0x00000000fa000000,0x00000000faee0000)
  from space 512K, 75% used [0x00000000faf80000,0x00000000fafe0000,0x00000000fb000000)
  to   space 576K, 0% used [0x00000000faee0000,0x00000000faee0000,0x00000000faf70000)
 ParOldGen       total 93952K, used 93897K [0x00000000e8000000, 0x00000000edbc0000, 0x00000000fa000000)
  object space 93952K, 99% used [0x00000000e8000000,0x00000000edbb2540,0x00000000edbc0000)
 PSPermGen       total 117376K, used 58553K [0x00000000e0000000, 0x00000000e72a0000, 0x00000000e8000000)
  object space 117376K, 49% used [0x00000000e0000000,0x00000000e392e428,0x00000000e72a0000)
}
Event: 1010314.807 GC heap before
{Heap before GC invocations=58892 (full 3):
 PSYoungGen      total 15744K, used 15616K [0x00000000fa000000, 0x00000000fb000000, 0x0000000100000000)
  eden space 15232K, 100% used [0x00000000fa000000,0x00000000faee0000,0x00000000faee0000)
  from space 512K, 75% used [0x00000000faf80000,0x00000000fafe0000,0x00000000fb000000)
  to   space 576K, 0% used [0x00000000faee0000,0x00000000faee0000,0x00000000faf70000)
 ParOldGen       total 93952K, used 93897K [0x00000000e8000000, 0x00000000edbc0000, 0x00000000fa000000)
  object space 93952K, 99% used [0x00000000e8000000,0x00000000edbb2540,0x00000000edbc0000)
 PSPermGen       total 117376K, used 58553K [0x00000000e0000000, 0x00000000e72a0000, 0x00000000e8000000)
  object space 117376K, 49% used [0x00000000e0000000,0x00000000e392e428,0x00000000e72a0000)
Event: 1010314.809 GC heap after
Heap after GC invocations=58892 (full 3):
 PSYoungGen      total 15808K, used 352K [0x00000000fa000000, 0x00000000fb000000, 0x0000000100000000)
  eden space 15232K, 0% used [0x00000000fa000000,0x00000000fa000000,0x00000000faee0000)
  from space 576K, 61% used [0x00000000faee0000,0x00000000faf38000,0x00000000faf70000)
  to   space 512K, 0% used [0x00000000faf80000,0x00000000faf80000,0x00000000fb000000)
 ParOldGen       total 93952K, used 93897K [0x00000000e8000000, 0x00000000edbc0000, 0x00000000fa000000)
  object space 93952K, 99% used [0x00000000e8000000,0x00000000edbb2540,0x00000000edbc0000)
 PSPermGen       total 117376K, used 58553K [0x00000000e0000000, 0x00000000e72a0000, 0x00000000e8000000)
  object space 117376K, 49% used [0x00000000e0000000,0x00000000e392e428,0x00000000e72a0000)
}
Event: 1010332.806 GC heap before
{Heap before GC invocations=58893 (full 3):
 PSYoungGen      total 15808K, used 15584K [0x00000000fa000000, 0x00000000fb000000, 0x0000000100000000)
  eden space 15232K, 100% used [0x00000000fa000000,0x00000000faee0000,0x00000000faee0000)
  from space 576K, 61% used [0x00000000faee0000,0x00000000faf38000,0x00000000faf70000)
  to   space 512K, 0% used [0x00000000faf80000,0x00000000faf80000,0x00000000fb000000)
 ParOldGen       total 93952K, used 93897K [0x00000000e8000000, 0x00000000edbc0000, 0x00000000fa000000)
  object space 93952K, 99% used [0x00000000e8000000,0x00000000edbb2540,0x00000000edbc0000)
 PSPermGen       total 117376K, used 58553K [0x00000000e0000000, 0x00000000e72a0000, 0x00000000e8000000)
  object space 117376K, 49% used [0x00000000e0000000,0x00000000e392e428,0x00000000e72a0000)
Event: 1010332.808 GC heap after
Heap after GC invocations=58893 (full 3):
 PSYoungGen      total 15872K, used 256K [0x00000000fa000000, 0x00000000fb000000, 0x0000000100000000)
  eden space 15360K, 0% used [0x00000000fa000000,0x00000000fa000000,0x00000000faf00000)
  from space 512K, 50% used [0x00000000faf80000,0x00000000fafc0000,0x00000000fb000000)
  to   space 512K, 0% used [0x00000000faf00000,0x00000000faf00000,0x00000000faf80000)
 ParOldGen       total 93952K, used 93897K [0x00000000e8000000, 0x00000000edbc0000, 0x00000000fa000000)
  object space 93952K, 99% used [0x00000000e8000000,0x00000000edbb2540,0x00000000edbc0000)
 PSPermGen       total 117376K, used 58553K [0x00000000e0000000, 0x00000000e72a0000, 0x00000000e8000000)
  object space 117376K, 49% used [0x00000000e0000000,0x00000000e392e428,0x00000000e72a0000)
}
Event: 1010347.807 GC heap before
{Heap before GC invocations=58894 (full 3):
 PSYoungGen      total 15872K, used 15616K [0x00000000fa000000, 0x00000000fb000000, 0x0000000100000000)
  eden space 15360K, 100% used [0x00000000fa000000,0x00000000faf00000,0x00000000faf00000)
  from space 512K, 50% used [0x00000000faf80000,0x00000000fafc0000,0x00000000fb000000)
  to   space 512K, 0% used [0x00000000faf00000,0x00000000faf00000,0x00000000faf80000)
 ParOldGen       total 93952K, used 93897K [0x00000000e8000000, 0x00000000edbc0000, 0x00000000fa000000)
  object space 93952K, 99% used [0x00000000e8000000,0x00000000edbb2540,0x00000000edbc0000)
 PSPermGen       total 117376K, used 58553K [0x00000000e0000000, 0x00000000e72a0000, 0x00000000e8000000)
  object space 117376K, 49% used [0x00000000e0000000,0x00000000e392e428,0x00000000e72a0000)
Event: 1010347.809 GC heap after
Heap after GC invocations=58894 (full 3):
 PSYoungGen      total 15872K, used 416K [0x00000000fa000000, 0x00000000fb000000, 0x0000000100000000)
  eden space 15360K, 0% used [0x00000000fa000000,0x00000000fa000000,0x00000000faf00000)
  from space 512K, 81% used [0x00000000faf00000,0x00000000faf68000,0x00000000faf80000)
  to   space 512K, 0% used [0x00000000faf80000,0x00000000faf80000,0x00000000fb000000)
 ParOldGen       total 93952K, used 93897K [0x00000000e8000000, 0x00000000edbc0000, 0x00000000fa000000)
  object space 93952K, 99% used [0x00000000e8000000,0x00000000edbb2540,0x00000000edbc0000)
 PSPermGen       total 117376K, used 58553K [0x00000000e0000000, 0x00000000e72a0000, 0x00000000e8000000)
  object space 117376K, 49% used [0x00000000e0000000,0x00000000e392e428,0x00000000e72a0000)
}
Event: 1010365.807 GC heap before
{Heap before GC invocations=58895 (full 3):
 PSYoungGen      total 15872K, used 15776K [0x00000000fa000000, 0x00000000fb000000, 0x0000000100000000)
  eden space 15360K, 100% used [0x00000000fa000000,0x00000000faf00000,0x00000000faf00000)
  from space 512K, 81% used [0x00000000faf00000,0x00000000faf68000,0x00000000faf80000)
  to   space 512K, 0% used [0x00000000faf80000,0x00000000faf80000,0x00000000fb000000)
 ParOldGen       total 93952K, used 93897K [0x00000000e8000000, 0x00000000edbc0000, 0x00000000fa000000)
  object space 93952K, 99% used [0x00000000e8000000,0x00000000edbb2540,0x00000000edbc0000)
 PSPermGen       total 117376K, used 58553K [0x00000000e0000000, 0x00000000e72a0000, 0x00000000e8000000)
  object space 117376K, 49% used [0x00000000e0000000,0x00000000e392e428,0x00000000e72a0000)
Event: 1010365.808 GC heap after
Heap after GC invocations=58895 (full 3):
 PSYoungGen      total 15872K, used 352K [0x00000000fa000000, 0x00000000fb000000, 0x0000000100000000)
  eden space 15360K, 0% used [0x00000000fa000000,0x00000000fa000000,0x00000000faf00000)
  from space 512K, 68% used [0x00000000faf80000,0x00000000fafd8000,0x00000000fb000000)
  to   space 512K, 0% used [0x00000000faf00000,0x00000000faf00000,0x00000000faf80000)
 ParOldGen       total 93952K, used 93913K [0x00000000e8000000, 0x00000000edbc0000, 0x00000000fa000000)
  object space 93952K, 99% used [0x00000000e8000000,0x00000000edbb6540,0x00000000edbc0000)
 PSPermGen       total 117376K, used 58553K [0x00000000e0000000, 0x00000000e72a0000, 0x00000000e8000000)
  object space 117376K, 49% used [0x00000000e0000000,0x00000000e392e428,0x00000000e72a0000)
}
Event: 1010365.808 GC heap before
{Heap before GC invocations=58896 (full 4):
 PSYoungGen      total 15872K, used 352K [0x00000000fa000000, 0x00000000fb000000, 0x0000000100000000)
  eden space 15360K, 0% used [0x00000000fa000000,0x00000000fa000000,0x00000000faf00000)
  from space 512K, 68% used [0x00000000faf80000,0x00000000fafd8000,0x00000000fb000000)
  to   space 512K, 0% used [0x00000000faf00000,0x00000000faf00000,0x00000000faf80000)
 ParOldGen       total 93952K, used 93913K [0x00000000e8000000, 0x00000000edbc0000, 0x00000000fa000000)
  object space 93952K, 99% used [0x00000000e8000000,0x00000000edbb6540,0x00000000edbc0000)
 PSPermGen       total 117376K, used 58553K [0x00000000e0000000, 0x00000000e72a0000, 0x00000000e8000000)
  object space 117376K, 49% used [0x00000000e0000000,0x00000000e392e428,0x00000000e72a0000)

