# JRE version: 7.0_11-b21
# Java VM: Java HotSpot(TM) 64-Bit Server VM (23.6-b04 mixed mode windows-amd64 compressed oops)
Heap
 PSYoungGen      total 89664K, used 79797K [0x00000000fa000000, 0x0000000100000000, 0x0000000100000000)
  eden space 81024K, 95% used [0x00000000fa000000,0x00000000feb67f30,0x00000000fef20000)
  from space 8640K, 29% used [0x00000000fef20000,0x00000000ff1a55f8,0x00000000ff790000)
  to   space 8512K, 0% used [0x00000000ff7b0000,0x00000000ff7b0000,0x0000000100000000)
 ParOldGen       total 49152K, used 22029K [0x00000000e8000000, 0x00000000eb000000, 0x00000000fa000000)
  object space 49152K, 44% used [0x00000000e8000000,0x00000000e95837d8,0x00000000eb000000)
 PSPermGen       total 32768K, used 27754K [0x00000000e0000000, 0x00000000e2000000, 0x00000000e8000000)
  object space 32768K, 84% used [0x00000000e0000000,0x00000000e1b1a860,0x00000000e2000000)
GC Heap History (10 events):
Event: 4.091 GC heap before
{Heap before GC invocations=7 (full 0):
 PSYoungGen      total 52480K, used 52418K [0x00000000fa000000, 0x00000000fd780000, 0x0000000100000000)
  eden space 48896K, 100% used [0x00000000fa000000,0x00000000fcfc0000,0x00000000fcfc0000)
  from space 3584K, 98% used [0x00000000fd380000,0x00000000fd6f0858,0x00000000fd700000)
  to   space 3840K, 0% used [0x00000000fcfc0000,0x00000000fcfc0000,0x00000000fd380000)
 ParOldGen       total 49152K, used 4009K [0x00000000e8000000, 0x00000000eb000000, 0x00000000fa000000)
  object space 49152K, 8% used [0x00000000e8000000,0x00000000e83ea5f0,0x00000000eb000000)
 PSPermGen       total 32768K, used 16530K [0x00000000e0000000, 0x00000000e2000000, 0x00000000e8000000)
  object space 32768K, 50% used [0x00000000e0000000,0x00000000e10249d0,0x00000000e2000000)
Event: 4.101 GC heap after
Heap after GC invocations=7 (full 0):
 PSYoungGen      total 52736K, used 2778K [0x00000000fa000000, 0x0000000100000000, 0x0000000100000000)
  eden space 48896K, 0% used [0x00000000fa000000,0x00000000fa000000,0x00000000fcfc0000)
  from space 3840K, 72% used [0x00000000fcfc0000,0x00000000fd2768c0,0x00000000fd380000)
  to   space 3776K, 0% used [0x00000000ffc50000,0x00000000ffc50000,0x0000000100000000)
 ParOldGen       total 49152K, used 5297K [0x00000000e8000000, 0x00000000eb000000, 0x00000000fa000000)
  object space 49152K, 10% used [0x00000000e8000000,0x00000000e852c668,0x00000000eb000000)
 PSPermGen       total 32768K, used 16530K [0x00000000e0000000, 0x00000000e2000000, 0x00000000e8000000)
  object space 32768K, 50% used [0x00000000e0000000,0x00000000e10249d0,0x00000000e2000000)
}
Event: 4.287 GC heap before
{Heap before GC invocations=8 (full 0):
 PSYoungGen      total 52736K, used 51674K [0x00000000fa000000, 0x0000000100000000, 0x0000000100000000)
  eden space 48896K, 100% used [0x00000000fa000000,0x00000000fcfc0000,0x00000000fcfc0000)
  from space 3840K, 72% used [0x00000000fcfc0000,0x00000000fd2768c0,0x00000000fd380000)
  to   space 3776K, 0% used [0x00000000ffc50000,0x00000000ffc50000,0x0000000100000000)
 ParOldGen       total 49152K, used 5297K [0x00000000e8000000, 0x00000000eb000000, 0x00000000fa000000)
  object space 49152K, 10% used [0x00000000e8000000,0x00000000e852c668,0x00000000eb000000)
 PSPermGen       total 32768K, used 17464K [0x00000000e0000000, 0x00000000e2000000, 0x00000000e8000000)
  object space 32768K, 53% used [0x00000000e0000000,0x00000000e110e300,0x00000000e2000000)
Event: 4.293 GC heap after
Heap after GC invocations=8 (full 0):
 PSYoungGen      total 94400K, used 3271K [0x00000000fa000000, 0x0000000100000000, 0x0000000100000000)
  eden space 90624K, 0% used [0x00000000fa000000,0x00000000fa000000,0x00000000ff880000)
  from space 3776K, 86% used [0x00000000ffc50000,0x00000000fff81f30,0x0000000100000000)
  to   space 3840K, 0% used [0x00000000ff880000,0x00000000ff880000,0x00000000ffc40000)
 ParOldGen       total 49152K, used 5807K [0x00000000e8000000, 0x00000000eb000000, 0x00000000fa000000)
  object space 49152K, 11% used [0x00000000e8000000,0x00000000e85abe90,0x00000000eb000000)
 PSPermGen       total 32768K, used 17464K [0x00000000e0000000, 0x00000000e2000000, 0x00000000e8000000)
  object space 32768K, 53% used [0x00000000e0000000,0x00000000e110e300,0x00000000e2000000)
}
Event: 4.815 GC heap before
{Heap before GC invocations=9 (full 0):
 PSYoungGen      total 94400K, used 93895K [0x00000000fa000000, 0x0000000100000000, 0x0000000100000000)
  eden space 90624K, 100% used [0x00000000fa000000,0x00000000ff880000,0x00000000ff880000)
  from space 3776K, 86% used [0x00000000ffc50000,0x00000000fff81f30,0x0000000100000000)
  to   space 3840K, 0% used [0x00000000ff880000,0x00000000ff880000,0x00000000ffc40000)
 ParOldGen       total 49152K, used 5807K [0x00000000e8000000, 0x00000000eb000000, 0x00000000fa000000)
  object space 49152K, 11% used [0x00000000e8000000,0x00000000e85abe90,0x00000000eb000000)
 PSPermGen       total 32768K, used 21951K [0x00000000e0000000, 0x00000000e2000000, 0x00000000e8000000)
  object space 32768K, 66% used [0x00000000e0000000,0x00000000e156fea0,0x00000000e2000000)
Event: 4.833 GC heap after
Heap after GC invocations=9 (full 0):
 PSYoungGen      total 94464K, used 3811K [0x00000000fa000000, 0x0000000100000000, 0x0000000100000000)
  eden space 90624K, 0% used [0x00000000fa000000,0x00000000fa000000,0x00000000ff880000)
  from space 3840K, 99% used [0x00000000ff880000,0x00000000ffc38d70,0x00000000ffc40000)
  to   space 3840K, 0% used [0x00000000ffc40000,0x00000000ffc40000,0x0000000100000000)
 ParOldGen       total 49152K, used 15680K [0x00000000e8000000, 0x00000000eb000000, 0x00000000fa000000)
  object space 49152K, 31% used [0x00000000e8000000,0x00000000e8f50280,0x00000000eb000000)
 PSPermGen       total 32768K, used 21951K [0x00000000e0000000, 0x00000000e2000000, 0x00000000e8000000)
  object space 32768K, 66% used [0x00000000e0000000,0x00000000e156fea0,0x00000000e2000000)
}
Event: 5.325 GC heap before
{Heap before GC invocations=10 (full 0):
 PSYoungGen      total 94464K, used 94435K [0x00000000fa000000, 0x0000000100000000, 0x0000000100000000)
  eden space 90624K, 100% used [0x00000000fa000000,0x00000000ff880000,0x00000000ff880000)
  from space 3840K, 99% used [0x00000000ff880000,0x00000000ffc38d70,0x00000000ffc40000)
  to   space 3840K, 0% used [0x00000000ffc40000,0x00000000ffc40000,0x0000000100000000)
 ParOldGen       total 49152K, used 15680K [0x00000000e8000000, 0x00000000eb000000, 0x00000000fa000000)
  object space 49152K, 31% used [0x00000000e8000000,0x00000000e8f50280,0x00000000eb000000)
 PSPermGen       total 32768K, used 24324K [0x00000000e0000000, 0x00000000e2000000, 0x00000000e8000000)
  object space 32768K, 74% used [0x00000000e0000000,0x00000000e17c1060,0x00000000e2000000)
Event: 5.330 GC heap after
Heap after GC invocations=10 (full 0):
 PSYoungGen      total 84864K, used 3838K [0x00000000fa000000, 0x0000000100000000, 0x0000000100000000)
  eden space 81024K, 0% used [0x00000000fa000000,0x00000000fa000000,0x00000000fef20000)
  from space 3840K, 99% used [0x00000000ffc40000,0x00000000fffffb70,0x0000000100000000)
  to   space 8640K, 0% used [0x00000000fef20000,0x00000000fef20000,0x00000000ff790000)
 ParOldGen       total 49152K, used 18588K [0x00000000e8000000, 0x00000000eb000000, 0x00000000fa000000)
  object space 49152K, 37% used [0x00000000e8000000,0x00000000e9227180,0x00000000eb000000)
 PSPermGen       total 32768K, used 24324K [0x00000000e0000000, 0x00000000e2000000, 0x00000000e8000000)
  object space 32768K, 74% used [0x00000000e0000000,0x00000000e17c1060,0x00000000e2000000)
}
Event: 5.704 GC heap before
{Heap before GC invocations=11 (full 0):
 PSYoungGen      total 84864K, used 84862K [0x00000000fa000000, 0x0000000100000000, 0x0000000100000000)
  eden space 81024K, 100% used [0x00000000fa000000,0x00000000fef20000,0x00000000fef20000)
  from space 3840K, 99% used [0x00000000ffc40000,0x00000000fffffb70,0x0000000100000000)
  to   space 8640K, 0% used [0x00000000fef20000,0x00000000fef20000,0x00000000ff790000)
 ParOldGen       total 49152K, used 18588K [0x00000000e8000000, 0x00000000eb000000, 0x00000000fa000000)
  object space 49152K, 37% used [0x00000000e8000000,0x00000000e9227180,0x00000000eb000000)
 PSPermGen       total 32768K, used 26085K [0x00000000e0000000, 0x00000000e2000000, 0x00000000e8000000)
  object space 32768K, 79% used [0x00000000e0000000,0x00000000e1979540,0x00000000e2000000)
Event: 5.709 GC heap after
Heap after GC invocations=11 (full 0):
 PSYoungGen      total 89664K, used 2581K [0x00000000fa000000, 0x0000000100000000, 0x0000000100000000)
  eden space 81024K, 0% used [0x00000000fa000000,0x00000000fa000000,0x00000000fef20000)
  from space 8640K, 29% used [0x00000000fef20000,0x00000000ff1a55f8,0x00000000ff790000)
  to   space 8512K, 0% used [0x00000000ff7b0000,0x00000000ff7b0000,0x0000000100000000)
 ParOldGen       total 49152K, used 22029K [0x00000000e8000000, 0x00000000eb000000, 0x00000000fa000000)
  object space 49152K, 44% used [0x00000000e8000000,0x00000000e95837d8,0x00000000eb000000)
 PSPermGen       total 32768K, used 26085K [0x00000000e0000000, 0x00000000e2000000, 0x00000000e8000000)
  object space 32768K, 79% used [0x00000000e0000000,0x00000000e1979540,0x00000000e2000000)
}

