# JRE version: 7.0_11-b21
# Java VM: Java HotSpot(TM) 64-Bit Server VM (23.6-b04 mixed mode windows-amd64 compressed oops)
Heap
 PSYoungGen      total 66368K, used 31015K [0x00000000fa000000, 0x00000000ff820000, 0x0000000100000000)
  eden space 47616K, 47% used [0x00000000fa000000,0x00000000fb5eecb0,0x00000000fce80000)
  from space 18752K, 45% used [0x00000000fe5d0000,0x00000000fee2b338,0x00000000ff820000)
  to   space 21312K, 0% used [0x00000000fce80000,0x00000000fce80000,0x00000000fe350000)
 ParOldGen       total 61440K, used 51383K [0x00000000e8000000, 0x00000000ebc00000, 0x00000000fa000000)
  object space 61440K, 83% used [0x00000000e8000000,0x00000000eb22df18,0x00000000ebc00000)
 PSPermGen       total 87040K, used 54945K [0x00000000e0000000, 0x00000000e5500000, 0x00000000e8000000)
  object space 87040K, 63% used [0x00000000e0000000,0x00000000e35a8708,0x00000000e5500000)
GC Heap History (10 events):
Event: 84.992 GC heap before
{Heap before GC invocations=29 (full 1):
 PSYoungGen      total 77056K, used 77022K [0x00000000fa000000, 0x0000000100000000, 0x0000000100000000)
  eden space 60160K, 100% used [0x00000000fa000000,0x00000000fdac0000,0x00000000fdac0000)
  from space 16896K, 99% used [0x00000000fdac0000,0x00000000feb37a18,0x00000000feb40000)
  to   space 21120K, 0% used [0x00000000feb60000,0x00000000feb60000,0x0000000100000000)
 ParOldGen       total 61440K, used 51383K [0x00000000e8000000, 0x00000000ebc00000, 0x00000000fa000000)
  object space 61440K, 83% used [0x00000000e8000000,0x00000000eb22df18,0x00000000ebc00000)
 PSPermGen       total 87040K, used 54818K [0x00000000e0000000, 0x00000000e5500000, 0x00000000e8000000)
  object space 87040K, 62% used [0x00000000e0000000,0x00000000e3588910,0x00000000e5500000)
Event: 84.998 GC heap after
Heap after GC invocations=29 (full 1):
 PSYoungGen      total 73856K, used 16909K [0x00000000fa000000, 0x0000000100000000, 0x0000000100000000)
  eden space 52736K, 0% used [0x00000000fa000000,0x00000000fa000000,0x00000000fd380000)
  from space 21120K, 80% used [0x00000000feb60000,0x00000000ffbe3608,0x0000000100000000)
  to   space 22784K, 0% used [0x00000000fd380000,0x00000000fd380000,0x00000000fe9c0000)
 ParOldGen       total 61440K, used 51383K [0x00000000e8000000, 0x00000000ebc00000, 0x00000000fa000000)
  object space 61440K, 83% used [0x00000000e8000000,0x00000000eb22df18,0x00000000ebc00000)
 PSPermGen       total 87040K, used 54818K [0x00000000e0000000, 0x00000000e5500000, 0x00000000e8000000)
  object space 87040K, 62% used [0x00000000e0000000,0x00000000e3588910,0x00000000e5500000)
}
Event: 128.970 GC heap before
{Heap before GC invocations=30 (full 1):
 PSYoungGen      total 73856K, used 69645K [0x00000000fa000000, 0x0000000100000000, 0x0000000100000000)
  eden space 52736K, 100% used [0x00000000fa000000,0x00000000fd380000,0x00000000fd380000)
  from space 21120K, 80% used [0x00000000feb60000,0x00000000ffbe3608,0x0000000100000000)
  to   space 22784K, 0% used [0x00000000fd380000,0x00000000fd380000,0x00000000fe9c0000)
 ParOldGen       total 61440K, used 51383K [0x00000000e8000000, 0x00000000ebc00000, 0x00000000fa000000)
  object space 61440K, 83% used [0x00000000e8000000,0x00000000eb22df18,0x00000000ebc00000)
 PSPermGen       total 87040K, used 54860K [0x00000000e0000000, 0x00000000e5500000, 0x00000000e8000000)
  object space 87040K, 63% used [0x00000000e0000000,0x00000000e35931b8,0x00000000e5500000)
Event: 128.976 GC heap after
Heap after GC invocations=30 (full 1):
 PSYoungGen      total 69824K, used 17068K [0x00000000fa000000, 0x0000000100000000, 0x0000000100000000)
  eden space 52736K, 0% used [0x00000000fa000000,0x00000000fa000000,0x00000000fd380000)
  from space 17088K, 99% used [0x00000000fd380000,0x00000000fe42b040,0x00000000fe430000)
  to   space 24064K, 0% used [0x00000000fe880000,0x00000000fe880000,0x0000000100000000)
 ParOldGen       total 61440K, used 51383K [0x00000000e8000000, 0x00000000ebc00000, 0x00000000fa000000)
  object space 61440K, 83% used [0x00000000e8000000,0x00000000eb22df18,0x00000000ebc00000)
 PSPermGen       total 87040K, used 54860K [0x00000000e0000000, 0x00000000e5500000, 0x00000000e8000000)
  object space 87040K, 63% used [0x00000000e0000000,0x00000000e35931b8,0x00000000e5500000)
}
Event: 134.218 GC heap before
{Heap before GC invocations=31 (full 1):
 PSYoungGen      total 69824K, used 69310K [0x00000000fa000000, 0x0000000100000000, 0x0000000100000000)
  eden space 52736K, 99% used [0x00000000fa000000,0x00000000fd304870,0x00000000fd380000)
  from space 17088K, 99% used [0x00000000fd380000,0x00000000fe42b040,0x00000000fe430000)
  to   space 24064K, 0% used [0x00000000fe880000,0x00000000fe880000,0x0000000100000000)
 ParOldGen       total 61440K, used 51383K [0x00000000e8000000, 0x00000000ebc00000, 0x00000000fa000000)
  object space 61440K, 83% used [0x00000000e8000000,0x00000000eb22df18,0x00000000ebc00000)
 PSPermGen       total 87040K, used 54893K [0x00000000e0000000, 0x00000000e5500000, 0x00000000e8000000)
  object space 87040K, 63% used [0x00000000e0000000,0x00000000e359b6d0,0x00000000e5500000)
Event: 134.224 GC heap after
Heap after GC invocations=31 (full 1):
 PSYoungGen      total 75200K, used 8779K [0x00000000fa000000, 0x0000000100000000, 0x0000000100000000)
  eden space 51136K, 0% used [0x00000000fa000000,0x00000000fa000000,0x00000000fd1f0000)
  from space 24064K, 36% used [0x00000000fe880000,0x00000000ff112ca8,0x0000000100000000)
  to   space 23104K, 0% used [0x00000000fd1f0000,0x00000000fd1f0000,0x00000000fe880000)
 ParOldGen       total 61440K, used 51383K [0x00000000e8000000, 0x00000000ebc00000, 0x00000000fa000000)
  object space 61440K, 83% used [0x00000000e8000000,0x00000000eb22df18,0x00000000ebc00000)
 PSPermGen       total 87040K, used 54893K [0x00000000e0000000, 0x00000000e5500000, 0x00000000e8000000)
  object space 87040K, 63% used [0x00000000e0000000,0x00000000e359b6d0,0x00000000e5500000)
}
Event: 144.991 GC heap before
{Heap before GC invocations=32 (full 1):
 PSYoungGen      total 75200K, used 59915K [0x00000000fa000000, 0x0000000100000000, 0x0000000100000000)
  eden space 51136K, 100% used [0x00000000fa000000,0x00000000fd1f0000,0x00000000fd1f0000)
  from space 24064K, 36% used [0x00000000fe880000,0x00000000ff112ca8,0x0000000100000000)
  to   space 23104K, 0% used [0x00000000fd1f0000,0x00000000fd1f0000,0x00000000fe880000)
 ParOldGen       total 61440K, used 51383K [0x00000000e8000000, 0x00000000ebc00000, 0x00000000fa000000)
  object space 61440K, 83% used [0x00000000e8000000,0x00000000eb22df18,0x00000000ebc00000)
 PSPermGen       total 87040K, used 54905K [0x00000000e0000000, 0x00000000e5500000, 0x00000000e8000000)
  object space 87040K, 63% used [0x00000000e0000000,0x00000000e359e460,0x00000000e5500000)
Event: 144.996 GC heap after
Heap after GC invocations=32 (full 1):
 PSYoungGen      total 57984K, used 8611K [0x00000000fa000000, 0x00000000ffb70000, 0x0000000100000000)
  eden space 49344K, 0% used [0x00000000fa000000,0x00000000fa000000,0x00000000fd030000)
  from space 8640K, 99% used [0x00000000fd1f0000,0x00000000fda58f48,0x00000000fda60000)
  to   space 22144K, 0% used [0x00000000fe5d0000,0x00000000fe5d0000,0x00000000ffb70000)
 ParOldGen       total 61440K, used 51383K [0x00000000e8000000, 0x00000000ebc00000, 0x00000000fa000000)
  object space 61440K, 83% used [0x00000000e8000000,0x00000000eb22df18,0x00000000ebc00000)
 PSPermGen       total 87040K, used 54905K [0x00000000e0000000, 0x00000000e5500000, 0x00000000e8000000)
  object space 87040K, 63% used [0x00000000e0000000,0x00000000e359e460,0x00000000e5500000)
}
Event: 156.443 GC heap before
{Heap before GC invocations=33 (full 1):
 PSYoungGen      total 57984K, used 56689K [0x00000000fa000000, 0x00000000ffb70000, 0x0000000100000000)
  eden space 49344K, 97% used [0x00000000fa000000,0x00000000fcef37a8,0x00000000fd030000)
  from space 8640K, 99% used [0x00000000fd1f0000,0x00000000fda58f48,0x00000000fda60000)
  to   space 22144K, 0% used [0x00000000fe5d0000,0x00000000fe5d0000,0x00000000ffb70000)
 ParOldGen       total 61440K, used 51383K [0x00000000e8000000, 0x00000000ebc00000, 0x00000000fa000000)
  object space 61440K, 83% used [0x00000000e8000000,0x00000000eb22df18,0x00000000ebc00000)
 PSPermGen       total 87040K, used 54940K [0x00000000e0000000, 0x00000000e5500000, 0x00000000e8000000)
  object space 87040K, 63% used [0x00000000e0000000,0x00000000e35a7198,0x00000000e5500000)
Event: 156.448 GC heap after
Heap after GC invocations=33 (full 1):
 PSYoungGen      total 66368K, used 8556K [0x00000000fa000000, 0x00000000ff820000, 0x0000000100000000)
  eden space 47616K, 0% used [0x00000000fa000000,0x00000000fa000000,0x00000000fce80000)
  from space 18752K, 45% used [0x00000000fe5d0000,0x00000000fee2b338,0x00000000ff820000)
  to   space 21312K, 0% used [0x00000000fce80000,0x00000000fce80000,0x00000000fe350000)
 ParOldGen       total 61440K, used 51383K [0x00000000e8000000, 0x00000000ebc00000, 0x00000000fa000000)
  object space 61440K, 83% used [0x00000000e8000000,0x00000000eb22df18,0x00000000ebc00000)
 PSPermGen       total 87040K, used 54940K [0x00000000e0000000, 0x00000000e5500000, 0x00000000e8000000)
  object space 87040K, 63% used [0x00000000e0000000,0x00000000e35a7198,0x00000000e5500000)
}

