# JRE version: 7.0_11-b21
# Java VM: Java HotSpot(TM) 64-Bit Server VM (23.6-b04 mixed mode windows-amd64 compressed oops)
Heap
 PSYoungGen      total 85824K, used 3801K [0x00000000fa000000, 0x00000000ffe50000, 0x0000000100000000)
  eden space 79680K, 0% used [0x00000000fa000000,0x00000000fa000000,0x00000000fedd0000)
  from space 6144K, 61% used [0x00000000ff850000,0x00000000ffc064d0,0x00000000ffe50000)
  to   space 8448K, 0% used [0x00000000fedd0000,0x00000000fedd0000,0x00000000ff610000)
 ParOldGen       total 54656K, used 49436K [0x00000000e8000000, 0x00000000eb560000, 0x00000000fa000000)
  object space 54656K, 90% used [0x00000000e8000000,0x00000000eb0472e0,0x00000000eb560000)
 PSPermGen       total 45056K, used 44949K [0x00000000e0000000, 0x00000000e2c00000, 0x00000000e8000000)
  object space 45056K, 99% used [0x00000000e0000000,0x00000000e2be56e0,0x00000000e2c00000)
GC Heap History (10 events):
Event: 2.845 GC heap after
Heap after GC invocations=14 (full 0):
 PSYoungGen      total 89472K, used 3700K [0x00000000fa000000, 0x00000000fff30000, 0x0000000100000000)
  eden space 82240K, 0% used [0x00000000fa000000,0x00000000fa000000,0x00000000ff050000)
  from space 7232K, 51% used [0x00000000ff820000,0x00000000ffbbd070,0x00000000fff30000)
  to   space 7616K, 0% used [0x00000000ff050000,0x00000000ff050000,0x00000000ff7c0000)
 ParOldGen       total 49152K, used 27932K [0x00000000e8000000, 0x00000000eb000000, 0x00000000fa000000)
  object space 49152K, 56% used [0x00000000e8000000,0x00000000e9b473b0,0x00000000eb000000)
 PSPermGen       total 33152K, used 33037K [0x00000000e0000000, 0x00000000e2060000, 0x00000000e8000000)
  object space 33152K, 99% used [0x00000000e0000000,0x00000000e2043428,0x00000000e2060000)
}
Event: 3.158 GC heap before
{Heap before GC invocations=15 (full 0):
 PSYoungGen      total 89472K, used 85940K [0x00000000fa000000, 0x00000000fff30000, 0x0000000100000000)
  eden space 82240K, 100% used [0x00000000fa000000,0x00000000ff050000,0x00000000ff050000)
  from space 7232K, 51% used [0x00000000ff820000,0x00000000ffbbd070,0x00000000fff30000)
  to   space 7616K, 0% used [0x00000000ff050000,0x00000000ff050000,0x00000000ff7c0000)
 ParOldGen       total 49152K, used 27932K [0x00000000e8000000, 0x00000000eb000000, 0x00000000fa000000)
  object space 49152K, 56% used [0x00000000e8000000,0x00000000e9b473b0,0x00000000eb000000)
 PSPermGen       total 37760K, used 37729K [0x00000000e0000000, 0x00000000e24e0000, 0x00000000e8000000)
  object space 37760K, 99% used [0x00000000e0000000,0x00000000e24d8738,0x00000000e24e0000)
Event: 3.161 GC heap after
Heap after GC invocations=15 (full 0):
 PSYoungGen      total 89856K, used 3560K [0x00000000fa000000, 0x0000000100000000, 0x0000000100000000)
  eden space 82240K, 0% used [0x00000000fa000000,0x00000000fa000000,0x00000000ff050000)
  from space 7616K, 46% used [0x00000000ff050000,0x00000000ff3ca038,0x00000000ff7c0000)
  to   space 7424K, 0% used [0x00000000ff8c0000,0x00000000ff8c0000,0x0000000100000000)
 ParOldGen       total 49152K, used 29036K [0x00000000e8000000, 0x00000000eb000000, 0x00000000fa000000)
  object space 49152K, 59% used [0x00000000e8000000,0x00000000e9c5b3c0,0x00000000eb000000)
 PSPermGen       total 37760K, used 37729K [0x00000000e0000000, 0x00000000e24e0000, 0x00000000e8000000)
  object space 37760K, 99% used [0x00000000e0000000,0x00000000e24d8738,0x00000000e24e0000)
}
Event: 3.502 GC heap before
{Heap before GC invocations=16 (full 0):
 PSYoungGen      total 89856K, used 85800K [0x00000000fa000000, 0x0000000100000000, 0x0000000100000000)
  eden space 82240K, 100% used [0x00000000fa000000,0x00000000ff050000,0x00000000ff050000)
  from space 7616K, 46% used [0x00000000ff050000,0x00000000ff3ca038,0x00000000ff7c0000)
  to   space 7424K, 0% used [0x00000000ff8c0000,0x00000000ff8c0000,0x0000000100000000)
 ParOldGen       total 49152K, used 29036K [0x00000000e8000000, 0x00000000eb000000, 0x00000000fa000000)
  object space 49152K, 59% used [0x00000000e8000000,0x00000000e9c5b3c0,0x00000000eb000000)
 PSPermGen       total 41600K, used 41426K [0x00000000e0000000, 0x00000000e28a0000, 0x00000000e8000000)
  object space 41600K, 99% used [0x00000000e0000000,0x00000000e2874aa8,0x00000000e28a0000)
Event: 3.507 GC heap after
Heap after GC invocations=16 (full 0):
 PSYoungGen      total 89984K, used 3638K [0x00000000fa000000, 0x00000000fff50000, 0x0000000100000000)
  eden space 83264K, 0% used [0x00000000fa000000,0x00000000fa000000,0x00000000ff150000)
  from space 6720K, 54% used [0x00000000ff8c0000,0x00000000ffc4d8d0,0x00000000fff50000)
  to   space 7168K, 0% used [0x00000000ff150000,0x00000000ff150000,0x00000000ff850000)
 ParOldGen       total 49152K, used 30020K [0x00000000e8000000, 0x00000000eb000000, 0x00000000fa000000)
  object space 49152K, 61% used [0x00000000e8000000,0x00000000e9d513c0,0x00000000eb000000)
 PSPermGen       total 41600K, used 41426K [0x00000000e0000000, 0x00000000e28a0000, 0x00000000e8000000)
  object space 41600K, 99% used [0x00000000e0000000,0x00000000e2874aa8,0x00000000e28a0000)
}
Event: 5.112 GC heap before
{Heap before GC invocations=17 (full 0):
 PSYoungGen      total 89984K, used 86902K [0x00000000fa000000, 0x00000000fff50000, 0x0000000100000000)
  eden space 83264K, 100% used [0x00000000fa000000,0x00000000ff150000,0x00000000ff150000)
  from space 6720K, 54% used [0x00000000ff8c0000,0x00000000ffc4d8d0,0x00000000fff50000)
  to   space 7168K, 0% used [0x00000000ff150000,0x00000000ff150000,0x00000000ff850000)
 ParOldGen       total 49152K, used 30020K [0x00000000e8000000, 0x00000000eb000000, 0x00000000fa000000)
  object space 49152K, 61% used [0x00000000e8000000,0x00000000e9d513c0,0x00000000eb000000)
 PSPermGen       total 43520K, used 43348K [0x00000000e0000000, 0x00000000e2a80000, 0x00000000e8000000)
  object space 43520K, 99% used [0x00000000e0000000,0x00000000e2a55078,0x00000000e2a80000)
Event: 5.116 GC heap after
Heap after GC invocations=17 (full 0):
 PSYoungGen      total 90432K, used 7160K [0x00000000fa000000, 0x0000000100000000, 0x0000000100000000)
  eden space 83264K, 0% used [0x00000000fa000000,0x00000000fa000000,0x00000000ff150000)
  from space 7168K, 99% used [0x00000000ff150000,0x00000000ff84e210,0x00000000ff850000)
  to   space 7872K, 0% used [0x00000000ff850000,0x00000000ff850000,0x0000000100000000)
 ParOldGen       total 49152K, used 31977K [0x00000000e8000000, 0x00000000eb000000, 0x00000000fa000000)
  object space 49152K, 65% used [0x00000000e8000000,0x00000000e9f3a4c0,0x00000000eb000000)
 PSPermGen       total 43520K, used 43348K [0x00000000e0000000, 0x00000000e2a80000, 0x00000000e8000000)
  object space 43520K, 99% used [0x00000000e0000000,0x00000000e2a55078,0x00000000e2a80000)
}
Event: 6.129 GC heap before
{Heap before GC invocations=18 (full 0):
 PSYoungGen      total 90432K, used 90424K [0x00000000fa000000, 0x0000000100000000, 0x0000000100000000)
  eden space 83264K, 100% used [0x00000000fa000000,0x00000000ff150000,0x00000000ff150000)
  from space 7168K, 99% used [0x00000000ff150000,0x00000000ff84e210,0x00000000ff850000)
  to   space 7872K, 0% used [0x00000000ff850000,0x00000000ff850000,0x0000000100000000)
 ParOldGen       total 49152K, used 31977K [0x00000000e8000000, 0x00000000eb000000, 0x00000000fa000000)
  object space 49152K, 65% used [0x00000000e8000000,0x00000000e9f3a4c0,0x00000000eb000000)
 PSPermGen       total 45056K, used 44949K [0x00000000e0000000, 0x00000000e2c00000, 0x00000000e8000000)
  object space 45056K, 99% used [0x00000000e0000000,0x00000000e2be56e0,0x00000000e2c00000)
Event: 6.136 GC heap after
Heap after GC invocations=18 (full 0):
 PSYoungGen      total 85824K, used 3801K [0x00000000fa000000, 0x00000000ffe50000, 0x0000000100000000)
  eden space 79680K, 0% used [0x00000000fa000000,0x00000000fa000000,0x00000000fedd0000)
  from space 6144K, 61% used [0x00000000ff850000,0x00000000ffc064d0,0x00000000ffe50000)
  to   space 8448K, 0% used [0x00000000fedd0000,0x00000000fedd0000,0x00000000ff610000)
 ParOldGen       total 54656K, used 49436K [0x00000000e8000000, 0x00000000eb560000, 0x00000000fa000000)
  object space 54656K, 90% used [0x00000000e8000000,0x00000000eb0472e0,0x00000000eb560000)
 PSPermGen       total 45056K, used 44949K [0x00000000e0000000, 0x00000000e2c00000, 0x00000000e8000000)
  object space 45056K, 99% used [0x00000000e0000000,0x00000000e2be56e0,0x00000000e2c00000)
}
Event: 6.136 GC heap before
{Heap before GC invocations=19 (full 1):
 PSYoungGen      total 85824K, used 3801K [0x00000000fa000000, 0x00000000ffe50000, 0x0000000100000000)
  eden space 79680K, 0% used [0x00000000fa000000,0x00000000fa000000,0x00000000fedd0000)
  from space 6144K, 61% used [0x00000000ff850000,0x00000000ffc064d0,0x00000000ffe50000)
  to   space 8448K, 0% used [0x00000000fedd0000,0x00000000fedd0000,0x00000000ff610000)
 ParOldGen       total 54656K, used 49436K [0x00000000e8000000, 0x00000000eb560000, 0x00000000fa000000)
  object space 54656K, 90% used [0x00000000e8000000,0x00000000eb0472e0,0x00000000eb560000)
 PSPermGen       total 45056K, used 44949K [0x00000000e0000000, 0x00000000e2c00000, 0x00000000e8000000)
  object space 45056K, 99% used [0x00000000e0000000,0x00000000e2be56e0,0x00000000e2c00000)

